#
# There is insufficient memory for the Java Runtime Environment to continue.
# Native memory allocation (malloc) failed to allocate 1048576 bytes for AllocateHeap
# Possible reasons:
#   The system is out of physical RAM or swap space
#   In 32 bit mode, the process size limit was hit
# Possible solutions:
#   Reduce memory load on the system
#   Increase physical memory or swap space
#   Check if swap backing store is full
#   Use 64 bit Java on a 64 bit OS
#   Decrease Java heap size (-Xmx/-Xms)
#   Decrease number of Java threads
#   Decrease Java thread stack sizes (-Xss)
#   Set larger code cache with -XX:ReservedCodeCacheSize=
# This output file may be truncated or incomplete.
#
#  Out of Memory Error (memory/allocation.inline.hpp:61), pid=14056, tid=0x0000000000002550
#
# JRE version:  (8.0_92-b14) (build )
# Java VM: Java HotSpot(TM) 64-Bit Server VM (25.92-b14 mixed mode windows-amd64 compressed oops)
# Failed to write core dump. Minidumps are not enabled by default on client versions of Windows
#

---------------  T H R E A D  ---------------

Current thread (0x0000000003042800):  JavaThread "Unknown thread" [_thread_in_vm, id=9552, stack(0x0000000002f40000,0x0000000003040000)]

Stack: [0x0000000002f40000,0x0000000003040000]
[error occurred during error reporting (printing stack bounds), id 0xc0000005]

Native frames: (J=compiled Java code, j=interpreted, Vv=VM code, C=native code)


---------------  P R O C E S S  ---------------

Java Threads: ( => current thread )

Other Threads:

=>0x0000000003042800 (exited) JavaThread "Unknown thread" [_thread_in_vm, id=9552, stack(0x0000000002f40000,0x0000000003040000)]

VM state:not at safepoint (normal execution)

VM Mutex/Monitor currently owned by a thread: None

Heap:
 PSYoungGen      total 37888K, used 655K [0x00000000d6400000, 0x00000000d8e00000, 0x0000000100000000)
  eden space 32768K, 2% used [0x00000000d6400000,0x00000000d64a3d80,0x00000000d8400000)
  from space 5120K, 0% used [0x00000000d8900000,0x00000000d8900000,0x00000000d8e00000)
  to   space 5120K, 0% used [0x00000000d8400000,0x00000000d8400000,0x00000000d8900000)
 ParOldGen       total 86016K, used 0K [0x0000000082c00000, 0x0000000088000000, 0x00000000d6400000)
  object space 86016K, 0% used [0x0000000082c00000,0x0000000082c00000,0x0000000088000000)
 Metaspace       used 746K, capacity 4480K, committed 4480K, reserved 1056768K
  class space    used 75K, capacity 384K, committed 384K, reserved 1048576K

Card table byte_map: [0x0000000012500000,0x00000000128f0000] byte_map_base: 0x00000000120ea000

Marking Bits: (ParMarkBitMap*) 0x00000000687c64f0
 Begin Bits: [0x0000000012f90000, 0x0000000014ee0000)
 End Bits:   [0x0000000014ee0000, 0x0000000016e30000)

Polling page: 0x0000000002da0000

CodeCache: size=245760Kb used=328Kb max_used=328Kb free=245431Kb
 bounds [0x0000000003140000, 0x00000000033b0000, 0x0000000012140000]
 total_blobs=58 nmethods=0 adapters=38
 compilation: enabled

Compilation events (0 events):
No events

GC Heap History (0 events):
No events

Deoptimization events (0 events):
No events

Internal exceptions (0 events):
No events

Events (10 events):
Event: 0.022 loading class java/lang/Short
Event: 0.022 loading class java/lang/Short done
Event: 0.022 loading class java/lang/Integer
Event: 0.022 loading class java/lang/Integer done
Event: 0.022 loading class java/lang/Long
Event: 0.023 loading class java/lang/Long done
Event: 0.023 loading class java/lang/NullPointerException
Event: 0.023 loading class java/lang/NullPointerException done
Event: 0.023 loading class java/lang/ArithmeticException
Event: 0.023 loading class java/lang/ArithmeticException done


Dynamic libraries:
0x00007ff66e1e0000 - 0x00007ff66e217000 	C:\Program Files\Java\jre1.8.0_92\bin\javaw.exe
0x00007ff9d27b0000 - 0x00007ff9d2971000 	C:\WINDOWS\SYSTEM32\ntdll.dll
0x00007ff9d0220000 - 0x00007ff9d02cd000 	C:\WINDOWS\system32\KERNEL32.DLL
0x00007ff9cf830000 - 0x00007ff9cfa18000 	C:\WINDOWS\system32\KERNELBASE.dll
0x00007ff9cfd40000 - 0x00007ff9cfde7000 	C:\WINDOWS\system32\ADVAPI32.dll
0x00007ff9d2710000 - 0x00007ff9d27ad000 	C:\WINDOWS\system32\msvcrt.dll
0x00007ff9d05d0000 - 0x00007ff9d062b000 	C:\WINDOWS\system32\sechost.dll
0x00007ff9d0930000 - 0x00007ff9d0a4c000 	C:\WINDOWS\system32\RPCRT4.dll
0x00007ff9d2350000 - 0x00007ff9d24a6000 	C:\WINDOWS\system32\USER32.dll
0x00007ff9d0380000 - 0x00007ff9d0507000 	C:\WINDOWS\system32\GDI32.dll
0x00007ff9c8fa0000 - 0x00007ff9c9214000 	C:\WINDOWS\WinSxS\amd64_microsoft.windows.common-controls_6595b64144ccf1df_6.0.10586.839_none_a2ddba30a539a2ae\COMCTL32.dll
0x00007ff9d0b60000 - 0x00007ff9d0dde000 	C:\WINDOWS\system32\combase.dll
0x00007ff9cfb40000 - 0x00007ff9cfbaa000 	C:\WINDOWS\system32\bcryptPrimitives.dll
0x00007ff9d0ac0000 - 0x00007ff9d0afb000 	C:\WINDOWS\system32\IMM32.DLL
0x0000000068b70000 - 0x0000000068c42000 	C:\Program Files\Java\jre1.8.0_92\bin\msvcr100.dll
0x0000000067fb0000 - 0x0000000068846000 	C:\Program Files\Java\jre1.8.0_92\bin\server\jvm.dll
0x00007ff9d0de0000 - 0x00007ff9d0de8000 	C:\WINDOWS\system32\PSAPI.DLL
0x00007ff9c6f20000 - 0x00007ff9c6f2a000 	C:\WINDOWS\SYSTEM32\VERSION.dll
0x00007ff9cd0b0000 - 0x00007ff9cd0d3000 	C:\WINDOWS\SYSTEM32\WINMM.dll
0x00007ff9cc300000 - 0x00007ff9cc309000 	C:\WINDOWS\SYSTEM32\WSOCK32.dll
0x00007ff9d0640000 - 0x00007ff9d06ab000 	C:\WINDOWS\system32\WS2_32.dll
0x00007ff9ccf10000 - 0x00007ff9ccf3c000 	C:\WINDOWS\SYSTEM32\WINMMBASE.dll
0x00007ff9cf730000 - 0x00007ff9cf773000 	C:\WINDOWS\system32\cfgmgr32.dll
0x0000000068e90000 - 0x0000000068e9f000 	C:\Program Files\Java\jre1.8.0_92\bin\verify.dll
0x0000000068e60000 - 0x0000000068e89000 	C:\Program Files\Java\jre1.8.0_92\bin\java.dll
0x0000000068e40000 - 0x0000000068e56000 	C:\Program Files\Java\jre1.8.0_92\bin\zip.dll

VM Arguments:
jvm_args: -Dfile.encoding=Cp1252 
java_command: com.tourism.online.model.Solution
java_class_path (initial): C:\Users\ov\workspace\TourismManagement\build\classes;C:\Users\singaravel\Desktop\tourism project files\DataBase\hib\antlr-2.7.7.jar;C:\Users\singaravel\Desktop\tourism project files\DataBase\hib\classmate-1.3.0.jar;C:\Users\singaravel\Desktop\tourism project files\DataBase\hib\dom4j-1.6.1.jar;C:\Users\singaravel\Desktop\tourism project files\DataBase\hib\hibernate-commons-annotations-5.0.1.Final.jar;C:\Users\singaravel\Desktop\tourism project files\DataBase\hib\hibernate-core-5.2.10.Final.jar;C:\Users\singaravel\Desktop\tourism project files\DataBase\hib\hibernate-jpa-2.1-api-1.0.0.Final.jar;C:\Users\singaravel\Desktop\tourism project files\DataBase\hib\jandex-2.0.3.Final.jar;C:\Users\singaravel\Desktop\tourism project files\DataBase\hib\javassist-3.20.0-GA.jar;C:\Users\singaravel\Desktop\tourism project files\DataBase\hib\jboss-logging-3.3.0.Final.jar;C:\Users\singaravel\Desktop\tourism project files\DataBase\hib\jboss-transaction-api_1.2_spec-1.0.1.Final.jar;C:\Users\singaravel\Desktop\tourism project files\DataBase\mysql\mysql-connector-java-3.1.14-bin.jar;C:\Users\singaravel\Desktop\tourism project files\DataBase\tomcat\annotations-api.jar;C:\Users\singaravel\Desktop\tourism project files\DataBase\tomcat\catalina.jar;C:\Users\singaravel\Desktop\tourism project files\DataBase\tomcat\catalina-ant.jar;C:\Users\singaravel\Desktop\tourism project files\DataBase\tomcat\catalina-ha.jar;C:\Users\singaravel\Desktop\tourism project files\DataBase\tomcat\catalina-storeconfig.jar;C:\Users\singaravel\Desktop\tourism project files\DataBase\tomcat\catalina-tribes.jar;C:\Users\singaravel\Desktop\tourism project files\DataBase\tomcat\ecj-4.5.1.jar;C:\Users\singaravel\Desktop\tourism project files\DataBase\tomcat\el-api.jar;C:\Users\singaravel\Desktop\tourism project files\DataBase\tomcat\jasper.jar;C:\Users\singaravel\Desktop\tourism project files\DataBase\tomcat\jasper-el.jar;C:\Users\singaravel\Desktop\tourism project files\DataBase\tomcat\jsp-api
Launcher Type: SUN_STANDARD

Environment Variables:
PATH=C:/Program Files/Java/jre1.8.0_92/bin/server;C:/Program Files/Java/jre1.8.0_92/bin;C:/Program Files/Java/jre1.8.0_92/lib/amd64;C:\ProgramData\Oracle\Java\javapath;C:\Program Files (x86)\Intel\iCLS Client\;C:\Program Files\Intel\iCLS Client\;C:\windows\system32;C:\windows;C:\windows\System32\Wbem;C:\windows\System32\WindowsPowerShell\v1.0\;C:\Program Files (x86)\Intel\Intel(R) Management Engine Components\DAL;C:\Program Files\Intel\Intel(R) Management Engine Components\DAL;C:\Program Files (x86)\Intel\Intel(R) Management Engine Components\IPT;C:\Program Files\Intel\Intel(R) Management Engine Components\IPT;C:\Program Files (x86)\NVIDIA Corporation\PhysX\Common;C:\Program Files\Intel\IntelSGXPSW\bin\x64\Release\;C:\Program Files\Intel\IntelSGXPSW\bin\win32\Release\;C:\WINDOWS\system32;C:\WINDOWS;C:\WINDOWS\System32\Wbem;C:\WINDOWS\System32\WindowsPowerShell\v1.0\;C:\Program Files\nodejs\;C:\Program Files\MongoDB\bin;;C:\Program Files (x86)\Microsoft VS Code\bin;C:\Users\singaravel\AppData\Roaming\npm;C:\Users\singaravel\Documents\eclipse 2\java\eclipse;
USERNAME=singaravel
OS=Windows_NT
PROCESSOR_IDENTIFIER=Intel64 Family 6 Model 78 Stepping 3, GenuineIntel



---------------  S Y S T E M  ---------------

OS: Windows 10.0 , 64 bit Build 10586 (10.0.10586.589)

CPU:total 4 (2 cores per cpu, 2 threads per core) family 6 model 78 stepping 3, cmov, cx8, fxsr, mmx, sse, sse2, sse3, ssse3, sse4.1, sse4.2, popcnt, avx, avx2, aes, clmul, erms, 3dnowpref, lzcnt, ht, tsc, tscinvbit, bmi1, bmi2, adx

Memory: 4k page, physical 8204648k(2566116k free), swap 10611860k(7924k free)

vm_info: Java HotSpot(TM) 64-Bit Server VM (25.92-b14) for windows-amd64 JRE (1.8.0_92-b14), built on Mar 31 2016 21:03:04 by "java_re" with MS VC++ 10.0 (VS2010)

time: Tue Feb 13 11:54:55 2018
elapsed time: 0 seconds (0d 0h 0m 0s)

